{"/Users/iasmim.santos/pda/m4/a21/app.js": {"path":"/Users/iasmim.santos/pda/m4/a21/app.js","statementMap":{"0":{"start":{"line":7,"column":19},"end":{"line":10,"column":1}},"1":{"start":{"line":12,"column":19},"end":{"line":12,"column":28}},"2":{"start":{"line":14,"column":0},"end":{"line":14,"column":24}},"3":{"start":{"line":15,"column":0},"end":{"line":15,"column":26}},"4":{"start":{"line":17,"column":0},"end":{"line":17,"column":19}},"5":{"start":{"line":19,"column":0},"end":{"line":19,"column":18}},"6":{"start":{"line":21,"column":13},"end":{"line":21,"column":17}},"7":{"start":{"line":24,"column":0},"end":{"line":33,"column":4}},"8":{"start":{"line":27,"column":2},"end":{"line":29,"column":5}},"9":{"start":{"line":28,"column":3},"end":{"line":28,"column":77}},"10":{"start":{"line":32,"column":2},"end":{"line":32,"column":69}}},"fnMap":{"0":{"name":"(anonymous_0)","decl":{"start":{"line":26,"column":7},"end":{"line":26,"column":8}},"loc":{"start":{"line":26,"column":13},"end":{"line":30,"column":2}},"line":26},"1":{"name":"(anonymous_1)","decl":{"start":{"line":27,"column":19},"end":{"line":27,"column":20}},"loc":{"start":{"line":27,"column":25},"end":{"line":29,"column":3}},"line":27},"2":{"name":"(anonymous_2)","decl":{"start":{"line":31,"column":8},"end":{"line":31,"column":9}},"loc":{"start":{"line":31,"column":18},"end":{"line":33,"column":2}},"line":31}},"branchMap":{},"s":{"0":1,"1":1,"2":1,"3":1,"4":1,"5":1,"6":1,"7":1,"8":1,"9":1,"10":0},"f":{"0":1,"1":1,"2":0},"b":{},"_coverageSchema":"1a1c01bbd47fc00a2c39e90264f33305004495a9","hash":"3dd4193a1f1949e451c40af51448fd379e1e651c"}
,"/Users/iasmim.santos/pda/m4/a21/src/controllers/pet.controller.js": {"path":"/Users/iasmim.santos/pda/m4/a21/src/controllers/pet.controller.js","statementMap":{"0":{"start":{"line":4,"column":26},"end":{"line":13,"column":1}},"1":{"start":{"line":5,"column":1},"end":{"line":12,"column":2}},"2":{"start":{"line":6,"column":15},"end":{"line":6,"column":34}},"3":{"start":{"line":7,"column":2},"end":{"line":7,"column":34}},"4":{"start":{"line":9,"column":2},"end":{"line":11,"column":5}},"5":{"start":{"line":15,"column":25},"end":{"line":26,"column":1}},"6":{"start":{"line":16,"column":1},"end":{"line":25,"column":2}},"7":{"start":{"line":17,"column":17},"end":{"line":17,"column":29}},"8":{"start":{"line":18,"column":20},"end":{"line":18,"column":44}},"9":{"start":{"line":19,"column":2},"end":{"line":22,"column":5}},"10":{"start":{"line":24,"column":2},"end":{"line":24,"column":72}},"11":{"start":{"line":28,"column":23},"end":{"line":38,"column":1}},"12":{"start":{"line":29,"column":1},"end":{"line":37,"column":2}},"13":{"start":{"line":30,"column":22},"end":{"line":30,"column":39}},"14":{"start":{"line":31,"column":24},"end":{"line":31,"column":55}},"15":{"start":{"line":32,"column":2},"end":{"line":32,"column":43}},"16":{"start":{"line":34,"column":2},"end":{"line":36,"column":5}},"17":{"start":{"line":40,"column":26},"end":{"line":56,"column":1}},"18":{"start":{"line":41,"column":19},"end":{"line":41,"column":36}},"19":{"start":{"line":43,"column":1},"end":{"line":55,"column":2}},"20":{"start":{"line":44,"column":23},"end":{"line":44,"column":54}},"21":{"start":{"line":46,"column":2},"end":{"line":48,"column":3}},"22":{"start":{"line":47,"column":3},"end":{"line":47,"column":32}},"23":{"start":{"line":50,"column":2},"end":{"line":50,"column":33}},"24":{"start":{"line":52,"column":2},"end":{"line":52,"column":30}},"25":{"start":{"line":54,"column":2},"end":{"line":54,"column":39}},"26":{"start":{"line":58,"column":29},"end":{"line":82,"column":1}},"27":{"start":{"line":59,"column":21},"end":{"line":59,"column":38}},"28":{"start":{"line":61,"column":1},"end":{"line":81,"column":2}},"29":{"start":{"line":63,"column":23},"end":{"line":63,"column":35}},"30":{"start":{"line":65,"column":27},"end":{"line":65,"column":58}},"31":{"start":{"line":67,"column":2},"end":{"line":69,"column":3}},"32":{"start":{"line":68,"column":3},"end":{"line":68,"column":32}},"33":{"start":{"line":71,"column":24},"end":{"line":71,"column":67}},"34":{"start":{"line":73,"column":2},"end":{"line":76,"column":5}},"35":{"start":{"line":78,"column":2},"end":{"line":80,"column":5}}},"fnMap":{"0":{"name":"(anonymous_0)","decl":{"start":{"line":4,"column":26},"end":{"line":4,"column":27}},"loc":{"start":{"line":4,"column":55},"end":{"line":13,"column":1}},"line":4},"1":{"name":"(anonymous_1)","decl":{"start":{"line":15,"column":25},"end":{"line":15,"column":26}},"loc":{"start":{"line":15,"column":54},"end":{"line":26,"column":1}},"line":15},"2":{"name":"(anonymous_2)","decl":{"start":{"line":28,"column":23},"end":{"line":28,"column":24}},"loc":{"start":{"line":28,"column":52},"end":{"line":38,"column":1}},"line":28},"3":{"name":"(anonymous_3)","decl":{"start":{"line":40,"column":26},"end":{"line":40,"column":27}},"loc":{"start":{"line":40,"column":55},"end":{"line":56,"column":1}},"line":40},"4":{"name":"(anonymous_4)","decl":{"start":{"line":58,"column":29},"end":{"line":58,"column":30}},"loc":{"start":{"line":58,"column":58},"end":{"line":82,"column":1}},"line":58}},"branchMap":{"0":{"loc":{"start":{"line":46,"column":2},"end":{"line":48,"column":3}},"type":"if","locations":[{"start":{"line":46,"column":2},"end":{"line":48,"column":3}},{"start":{},"end":{}}],"line":46},"1":{"loc":{"start":{"line":67,"column":2},"end":{"line":69,"column":3}},"type":"if","locations":[{"start":{"line":67,"column":2},"end":{"line":69,"column":3}},{"start":{},"end":{}}],"line":67}},"s":{"0":1,"1":2,"2":2,"3":1,"4":1,"5":1,"6":0,"7":0,"8":0,"9":0,"10":0,"11":1,"12":0,"13":0,"14":0,"15":0,"16":0,"17":1,"18":0,"19":0,"20":0,"21":0,"22":0,"23":0,"24":0,"25":0,"26":1,"27":0,"28":0,"29":0,"30":0,"31":0,"32":0,"33":0,"34":0,"35":0},"f":{"0":2,"1":0,"2":0,"3":0,"4":0},"b":{"0":[0,0],"1":[0,0]},"_coverageSchema":"1a1c01bbd47fc00a2c39e90264f33305004495a9","hash":"dd9d1d5681af66ae0b45d603142f7b7a34fab74f"}
,"/Users/iasmim.santos/pda/m4/a21/src/database/config.js": {"path":"/Users/iasmim.santos/pda/m4/a21/src/database/config.js","statementMap":{"0":{"start":{"line":3,"column":18},"end":{"line":6,"column":2}}},"fnMap":{},"branchMap":{},"s":{"0":2},"f":{},"b":{},"_coverageSchema":"1a1c01bbd47fc00a2c39e90264f33305004495a9","hash":"e18d19f9c60c2983c729508d983b1b8a3bd84430"}
,"/Users/iasmim.santos/pda/m4/a21/src/doc/swaggerConfig.js": {"path":"/Users/iasmim.santos/pda/m4/a21/src/doc/swaggerConfig.js","statementMap":{"0":{"start":{"line":6,"column":25},"end":{"line":6,"column":39}},"1":{"start":{"line":7,"column":20},"end":{"line":7,"column":67}},"2":{"start":{"line":8,"column":16},"end":{"line":8,"column":38}},"3":{"start":{"line":10,"column":16},"end":{"line":22,"column":1}},"4":{"start":{"line":24,"column":19},"end":{"line":24,"column":40}},"5":{"start":{"line":26,"column":21},"end":{"line":28,"column":1}},"6":{"start":{"line":27,"column":1},"end":{"line":27,"column":68}}},"fnMap":{"0":{"name":"(anonymous_0)","decl":{"start":{"line":26,"column":21},"end":{"line":26,"column":22}},"loc":{"start":{"line":26,"column":30},"end":{"line":28,"column":1}},"line":26}},"branchMap":{},"s":{"0":1,"1":1,"2":1,"3":1,"4":1,"5":1,"6":1},"f":{"0":1},"b":{},"_coverageSchema":"1a1c01bbd47fc00a2c39e90264f33305004495a9","hash":"7c3d6023525aeca07fb64199d127f7ccfb70d402"}
,"/Users/iasmim.santos/pda/m4/a21/src/models/pet.model.js": {"path":"/Users/iasmim.santos/pda/m4/a21/src/models/pet.model.js","statementMap":{"0":{"start":{"line":5,"column":12},"end":{"line":23,"column":2}}},"fnMap":{},"branchMap":{},"s":{"0":1},"f":{},"b":{},"_coverageSchema":"1a1c01bbd47fc00a2c39e90264f33305004495a9","hash":"741ea7546769efdeb4b2151bc09ecef0d7b90e9b"}
,"/Users/iasmim.santos/pda/m4/a21/src/routes/pet.routes.js": {"path":"/Users/iasmim.santos/pda/m4/a21/src/routes/pet.routes.js","statementMap":{"0":{"start":{"line":10,"column":18},"end":{"line":10,"column":26}},"1":{"start":{"line":12,"column":0},"end":{"line":12,"column":39}},"2":{"start":{"line":13,"column":0},"end":{"line":13,"column":35}},"3":{"start":{"line":14,"column":0},"end":{"line":14,"column":36}},"4":{"start":{"line":15,"column":0},"end":{"line":15,"column":42}},"5":{"start":{"line":16,"column":0},"end":{"line":16,"column":42}}},"fnMap":{},"branchMap":{},"s":{"0":1,"1":1,"2":1,"3":1,"4":1,"5":1},"f":{},"b":{},"_coverageSchema":"1a1c01bbd47fc00a2c39e90264f33305004495a9","hash":"088004dc3fc60b1b537c2d674ebd68975c1317bb"}
}
