<?xml version="1.0" encoding="UTF-8"?>
<coverage generated="1723491369195" clover="3.2.0">
  <project timestamp="1723491369195" name="All files">
    <metrics statements="8" coveredstatements="5" conditionals="4" coveredconditionals="1" methods="4" coveredmethods="4" elements="16" coveredelements="10" complexity="0" loc="8" ncloc="8" packages="2" files="2" classes="2"/>
    <package name="a20">
      <metrics statements="3" coveredstatements="3" conditionals="0" coveredconditionals="0" methods="3" coveredmethods="3"/>
      <file name="script.js" path="/Users/iasmim.santos/pda/m4/a20/script.js">
        <metrics statements="3" coveredstatements="3" conditionals="0" coveredconditionals="0" methods="3" coveredmethods="3"/>
        <line num="2" count="2" type="stmt"/>
        <line num="6" count="1" type="stmt"/>
        <line num="10" count="1" type="stmt"/>
      </file>
    </package>
    <package name="a20.calculator">
      <metrics statements="5" coveredstatements="2" conditionals="4" coveredconditionals="1" methods="1" coveredmethods="1"/>
      <file name="calculator.js" path="/Users/iasmim.santos/pda/m4/a20/calculator/calculator.js">
        <metrics statements="5" coveredstatements="2" conditionals="4" coveredconditionals="1" methods="1" coveredmethods="1"/>
        <line num="5" count="1" type="cond" truecount="1" falsecount="3"/>
        <line num="7" count="1" type="stmt"/>
        <line num="9" count="0" type="stmt"/>
        <line num="11" count="0" type="stmt"/>
        <line num="13" count="0" type="stmt"/>
      </file>
    </package>
  </project>
</coverage>
