{"/Users/iasmim.santos/pda/m4/a20/script.js": {"path":"/Users/iasmim.santos/pda/m4/a20/script.js","statementMap":{"0":{"start":{"line":2,"column":1},"end":{"line":2,"column":14}},"1":{"start":{"line":6,"column":1},"end":{"line":6,"column":14}},"2":{"start":{"line":10,"column":1},"end":{"line":10,"column":14}}},"fnMap":{"0":{"name":"sum","decl":{"start":{"line":1,"column":9},"end":{"line":1,"column":12}},"loc":{"start":{"line":1,"column":19},"end":{"line":3,"column":1}},"line":1},"1":{"name":"mult","decl":{"start":{"line":5,"column":9},"end":{"line":5,"column":13}},"loc":{"start":{"line":5,"column":20},"end":{"line":7,"column":1}},"line":5},"2":{"name":"sub","decl":{"start":{"line":9,"column":9},"end":{"line":9,"column":12}},"loc":{"start":{"line":9,"column":19},"end":{"line":11,"column":1}},"line":9}},"branchMap":{},"s":{"0":2,"1":1,"2":1},"f":{"0":2,"1":1,"2":1},"b":{},"_coverageSchema":"1a1c01bbd47fc00a2c39e90264f33305004495a9","hash":"6d7bd261735f3acfac2c305f79ae5056338d9f63"}
,"/Users/iasmim.santos/pda/m4/a20/calculator/calculator.js": {"path":"/Users/iasmim.santos/pda/m4/a20/calculator/calculator.js","statementMap":{"0":{"start":{"line":5,"column":1},"end":{"line":14,"column":2}},"1":{"start":{"line":7,"column":3},"end":{"line":7,"column":20}},"2":{"start":{"line":9,"column":3},"end":{"line":9,"column":20}},"3":{"start":{"line":11,"column":3},"end":{"line":11,"column":21}},"4":{"start":{"line":13,"column":3},"end":{"line":13,"column":30}}},"fnMap":{"0":{"name":"calculator","decl":{"start":{"line":4,"column":9},"end":{"line":4,"column":19}},"loc":{"start":{"line":4,"column":42},"end":{"line":15,"column":1}},"line":4}},"branchMap":{"0":{"loc":{"start":{"line":5,"column":1},"end":{"line":14,"column":2}},"type":"switch","locations":[{"start":{"line":6,"column":2},"end":{"line":7,"column":20}},{"start":{"line":8,"column":2},"end":{"line":9,"column":20}},{"start":{"line":10,"column":2},"end":{"line":11,"column":21}},{"start":{"line":12,"column":2},"end":{"line":13,"column":30}}],"line":5}},"s":{"0":1,"1":1,"2":0,"3":0,"4":0},"f":{"0":1},"b":{"0":[1,0,0,0]},"_coverageSchema":"1a1c01bbd47fc00a2c39e90264f33305004495a9","hash":"47f4266580221c3c0033ae2d16e8d6b8a64df0a0"}
}
